[TIME] check failed: server_time: failed after 2 retries: 451 Client Error:  for url: https://fapi.binance.com/fapi/v1/time

[RUN] pass 1/1 (mode=real)
[JOB] 01 start
[JOB] 01 finished in 4.0s
01 error: 01_arb_15m_20d: failed after 3 retries: 451 Client Error:  for url: https://fapi.binance.com/fapi/v1/klines?symbol=ARBUSDT&interval=15m&limit=1500&startTime=1756733560460&endTime=1758461560460
[JOB] 02 start
[JOB] 02 finished in 4.0s
02 error: 02_arb_1d_180d: failed after 3 retries: 451 Client Error:  for url: https://fapi.binance.com/fapi/v1/klines?symbol=ARBUSDT&interval=1d&limit=1500&startTime=1742045564414&endTime=1758461564414
[JOB] 03 start
[JOB] 03 finished in 4.0s
03 error: 03_arb_1m_today: failed after 3 retries: 451 Client Error:  for url: https://fapi.binance.com/fapi/v1/klines?symbol=ARBUSDT&interval=1m&limit=1500&startTime=1758412800000&endTime=1758461568369
[JOB] 04 start
[JOB] 04 finished in 4.0s
04 error: 04_arb_funding_8h_30d-funding: failed after 3 retries: 451 Client Error:  for url: https://fapi.binance.com/fapi/v1/fundingRate?symbol=ARBUSDT&startTime=1755869572326&endTime=1758461572326&limit=1000
[JOB] 05 start
[JOB] 05 finished in 4.0s
05 error: 05_arb_oi_1h_30d-binance: failed after 3 retries: 451 Client Error:  for url: https://fapi.binance.com/futures/data/openInterestHist?symbol=ARBUSDT&period=1h&limit=720&startTime=1755869576280&endTime=1758461576280
[JOB] 06 start
[JOB] 06 finished in 8.4s
[JOB] 07 start
[JOB] 07 finished in 29.6s
[JOB] 08 start
[JOB] 08 finished in 4.0s
08 error: 08_arb_basis_mark_index_1m_24h-mark: failed after 3 retries: 451 Client Error:  for url: https://fapi.binance.com/fapi/v1/markPriceKlines?symbol=ARBUSDT&interval=1m&limit=1500&startTime=1758375218221&endTime=1758461618221
[JOB] 09 start
[JOB] 09 finished in 4.0s
09 error: 09_arb_trades_imbalance_1m_24h: failed after 3 retries: 451 Client Error:  for url: https://fapi.binance.com/fapi/v1/klines?symbol=ARBUSDT&interval=1m&limit=1500&startTime=1758375222175&endTime=1758461622175
[JOB] 10 start
[JOB] 10 finished in 0.0s

[DONE] all tasks complete.
